2025-01-27T17:08:10.307-03:00  INFO 24660 --- [auth-api] [main] i.g.d.auth_api.AuthApiApplication        : Starting AuthApiApplication using Java 21.0.2 with PID 24660 (C:\Users\Marcos Andre\Desktop\SpringBoot\auth-api\target\classes started by Marcos Andre in C:\Users\Marcos Andre\Desktop\SpringBoot\auth-api)
2025-01-27T17:08:10.310-03:00 DEBUG 24660 --- [auth-api] [main] i.g.d.auth_api.AuthApiApplication        : Running with Spring Boot v3.4.1, Spring v6.2.1
2025-01-27T17:08:10.311-03:00  INFO 24660 --- [auth-api] [main] i.g.d.auth_api.AuthApiApplication        : The following 1 profile is active: "test"
2025-01-27T17:08:12.426-03:00  INFO 24660 --- [auth-api] [main] .s.d.r.c.RepositoryConfigurationDelegate : Bootstrapping Spring Data JPA repositories in DEFAULT mode.
2025-01-27T17:08:12.616-03:00  INFO 24660 --- [auth-api] [main] .s.d.r.c.RepositoryConfigurationDelegate : Finished Spring Data repository scanning in 153 ms. Found 2 JPA repository interfaces.
2025-01-27T17:08:14.093-03:00  INFO 24660 --- [auth-api] [main] o.s.b.w.embedded.tomcat.TomcatWebServer  : Tomcat initialized with port 8080 (http)
2025-01-27T17:08:14.128-03:00  INFO 24660 --- [auth-api] [main] o.apache.catalina.core.StandardService   : Starting service [Tomcat]
2025-01-27T17:08:14.129-03:00  INFO 24660 --- [auth-api] [main] o.apache.catalina.core.StandardEngine    : Starting Servlet engine: [Apache Tomcat/10.1.34]
2025-01-27T17:08:14.274-03:00  INFO 24660 --- [auth-api] [main] o.a.c.c.C.[Tomcat].[localhost].[/]       : Initializing Spring embedded WebApplicationContext
2025-01-27T17:08:14.275-03:00  INFO 24660 --- [auth-api] [main] w.s.c.ServletWebServerApplicationContext : Root WebApplicationContext: initialization completed in 3838 ms
2025-01-27T17:08:14.505-03:00  INFO 24660 --- [auth-api] [main] com.zaxxer.hikari.HikariDataSource       : HikariPool-1 - Starting...
2025-01-27T17:08:14.880-03:00  INFO 24660 --- [auth-api] [main] com.zaxxer.hikari.pool.HikariPool        : HikariPool-1 - Added connection conn0: url=jdbc:h2:mem:testdb user=SA
2025-01-27T17:08:14.883-03:00  INFO 24660 --- [auth-api] [main] com.zaxxer.hikari.HikariDataSource       : HikariPool-1 - Start completed.
2025-01-27T17:08:15.104-03:00  INFO 24660 --- [auth-api] [main] o.hibernate.jpa.internal.util.LogHelper  : HHH000204: Processing PersistenceUnitInfo [name: default]
2025-01-27T17:08:15.357-03:00  INFO 24660 --- [auth-api] [main] org.hibernate.Version                    : HHH000412: Hibernate ORM core version 6.6.4.Final
2025-01-27T17:08:15.460-03:00  INFO 24660 --- [auth-api] [main] o.h.c.internal.RegionFactoryInitiator    : HHH000026: Second-level cache disabled
2025-01-27T17:08:16.174-03:00  INFO 24660 --- [auth-api] [main] o.s.o.j.p.SpringPersistenceUnitInfo      : No LoadTimeWeaver setup: ignoring JPA class transformer
2025-01-27T17:08:16.301-03:00  INFO 24660 --- [auth-api] [main] org.hibernate.orm.connections.pooling    : HHH10001005: Database info:
	Database JDBC URL [Connecting through datasource 'HikariDataSource (HikariPool-1)']
	Database driver: undefined/unknown
	Database version: 2.3.232
	Autocommit mode: undefined/unknown
	Isolation level: undefined/unknown
	Minimum pool size: undefined/unknown
	Maximum pool size: undefined/unknown
2025-01-27T17:08:17.641-03:00  INFO 24660 --- [auth-api] [main] o.h.e.t.j.p.i.JtaPlatformInitiator       : HHH000489: No JTA platform available (set 'hibernate.transaction.jta.platform' to enable JTA platform integration)
2025-01-27T17:08:17.722-03:00  INFO 24660 --- [auth-api] [main] j.LocalContainerEntityManagerFactoryBean : Initialized JPA EntityManagerFactory for persistence unit 'default'
2025-01-27T17:08:18.522-03:00  INFO 24660 --- [auth-api] [main] o.s.d.j.r.query.QueryEnhancerFactory     : Hibernate is in classpath; If applicable, HQL parser will be used.
2025-01-27T17:08:19.798-03:00 DEBUG 24660 --- [auth-api] [main] i.g.d.auth_api.config.SecurityFilter     : Filter 'securityFilter' configured for use
2025-01-27T17:08:19.934-03:00  INFO 24660 --- [auth-api] [main] r$InitializeUserDetailsManagerConfigurer : Global AuthenticationManager configured with UserDetailsService bean with name customUserDetailsService
2025-01-27T17:08:21.162-03:00  WARN 24660 --- [auth-api] [main] o.s.s.c.a.web.builders.WebSecurity       : You are asking Spring Security to ignore Deferred [Mvc [pattern='/v2/api-docs/**'], Ant [pattern='/v2/api-docs/**']]. This is not recommended -- please use permitAll via HttpSecurity#authorizeHttpRequests instead.
2025-01-27T17:08:21.163-03:00  WARN 24660 --- [auth-api] [main] o.s.s.c.a.web.builders.WebSecurity       : You are asking Spring Security to ignore Deferred [Mvc [pattern='/v3/api-docs/**'], Ant [pattern='/v3/api-docs/**']]. This is not recommended -- please use permitAll via HttpSecurity#authorizeHttpRequests instead.
2025-01-27T17:08:21.164-03:00  WARN 24660 --- [auth-api] [main] o.s.s.c.a.web.builders.WebSecurity       : You are asking Spring Security to ignore Deferred [Mvc [pattern='/swagger-resources/**'], Ant [pattern='/swagger-resources/**']]. This is not recommended -- please use permitAll via HttpSecurity#authorizeHttpRequests instead.
2025-01-27T17:08:21.164-03:00  WARN 24660 --- [auth-api] [main] o.s.s.c.a.web.builders.WebSecurity       : You are asking Spring Security to ignore Deferred [Mvc [pattern='/swagger-ui.html'], Ant [pattern='/swagger-ui.html']]. This is not recommended -- please use permitAll via HttpSecurity#authorizeHttpRequests instead.
2025-01-27T17:08:21.164-03:00  WARN 24660 --- [auth-api] [main] o.s.s.c.a.web.builders.WebSecurity       : You are asking Spring Security to ignore Deferred [Mvc [pattern='/swagger-ui/**'], Ant [pattern='/swagger-ui/**']]. This is not recommended -- please use permitAll via HttpSecurity#authorizeHttpRequests instead.
2025-01-27T17:08:21.164-03:00  WARN 24660 --- [auth-api] [main] o.s.s.c.a.web.builders.WebSecurity       : You are asking Spring Security to ignore Deferred [Mvc [pattern='/webjars/**'], Ant [pattern='/webjars/**']]. This is not recommended -- please use permitAll via HttpSecurity#authorizeHttpRequests instead.
2025-01-27T17:08:21.857-03:00  INFO 24660 --- [auth-api] [main] o.s.b.a.h2.H2ConsoleAutoConfiguration    : H2 console available at '/h2-console'. Database available at 'jdbc:h2:mem:testdb'
2025-01-27T17:08:22.039-03:00  INFO 24660 --- [auth-api] [main] o.s.b.w.embedded.tomcat.TomcatWebServer  : Tomcat started on port 8080 (http) with context path '/'
2025-01-27T17:08:22.067-03:00  INFO 24660 --- [auth-api] [main] i.g.d.auth_api.AuthApiApplication        : Started AuthApiApplication in 12.623 seconds (process running for 13.232)
2025-01-27T17:09:56.227-03:00  INFO 24660 --- [auth-api] [http-nio-8080-exec-2] o.a.c.c.C.[Tomcat].[localhost].[/]       : Initializing Spring DispatcherServlet 'dispatcherServlet'
2025-01-27T17:09:56.227-03:00  INFO 24660 --- [auth-api] [http-nio-8080-exec-2] o.s.web.servlet.DispatcherServlet        : Initializing Servlet 'dispatcherServlet'
2025-01-27T17:09:56.231-03:00  INFO 24660 --- [auth-api] [http-nio-8080-exec-2] o.s.web.servlet.DispatcherServlet        : Completed initialization in 3 ms
2025-01-27T17:09:56.574-03:00  INFO 24660 --- [auth-api] [http-nio-8080-exec-2] i.g.d.a.controllers.UsuarioController    : Usuário salvo no banco de dados: null
2025-01-27T17:19:30.073-03:00  INFO 24660 --- [auth-api] [http-nio-8080-exec-4] i.g.d.a.controllers.UsuarioController    : Usuário salvo no banco de dados: Marcos
